<?xml version="1.0" encoding="UTF-8"?>
<testsuite xmlns:xsi="http://www.w3.org/2001/XMLSchema-instance" xsi:noNamespaceSchemaLocation="https://maven.apache.org/surefire/maven-surefire-plugin/xsd/surefire-test-report.xsd" name="TestSuite" time="21.481" tests="5" errors="0" skipped="0" failures="5">
  <properties>
[...]
</properties>
  <testcase name="runScenario" classname="com.cucum.runner.LocalRunner" time="3.805">
    <failure message="Browser Failed!.." type="java.lang.RuntimeException">java.lang.RuntimeException: Browser Failed!..
</failure>
    <system-out><![CDATA[AUTOMATION EXECUTION HAS STARTED!.....
]]></system-out>
    <system-err><![CDATA[SLF4J: Failed to load class "org.slf4j.impl.StaticLoggerBinder".
SLF4J: Defaulting to no-operation (NOP) logger implementation
SLF4J: See http://www.slf4j.org/codes.html#StaticLoggerBinder for further details.
]]></system-err>
  </testcase>
  <testcase name="runScenario" classname="com.cucum.runner.LocalRunner" time="4.292">
    <failure message="Browser Failed!.." type="java.lang.RuntimeException">java.lang.RuntimeException: Browser Failed!..
</failure>
  </testcase>
  <testcase name="runScenario" classname="com.cucum.runner.LocalRunner" time="3.698">
    <failure message="Browser Failed!.." type="java.lang.RuntimeException">java.lang.RuntimeException: Browser Failed!..
</failure>
  </testcase>
  <testcase name="runScenario" classname="com.cucum.runner.LocalRunner" time="4.978">
    <failure message="Browser Failed!.." type="java.lang.RuntimeException">java.lang.RuntimeException: Browser Failed!..
</failure>
  </testcase>
  <testcase name="runScenario" classname="com.cucum.runner.LocalRunner" time="3.778">
    <failure message="Browser Failed!.." type="java.lang.RuntimeException">java.lang.RuntimeException: Browser Failed!..
</failure>
  </testcase>
</testsuite>