<?xml version="1.0" encoding="UTF-8"?>
<testng-results ignored="0" total="11" passed="11" failed="0" skipped="0">
  <reporter-output>
  </reporter-output>
  <suite started-at="2024-09-09T11:08:45 IST" name="Default suite" finished-at="2024-09-09T11:09:14 IST" duration-ms="28663">
    <groups>
      <group name="cucumber">
        <method signature="AbstractTestNGCucumberTests.runScenario(io.cucumber.testng.PickleWrapper,io.cucumber.testng.FeatureWrapper)[pri:0, instance:com.cucum.runner.LocalRunner@23348b5d]" name="runScenario" class="io.cucumber.testng.AbstractTestNGCucumberTests"/>
      </group> <!-- cucumber -->
    </groups>
    <test started-at="2024-09-09T11:08:45 IST" name="Default test" finished-at="2024-09-09T11:09:14 IST" duration-ms="28663">
      <class name="com.cucum.runner.LocalRunner">
        <test-method is-config="true" signature="setUpClass(org.testng.ITestContext)[pri:0, instance:com.cucum.runner.LocalRunner@23348b5d]" started-at="2024-09-09T11:08:45 IST" name="setUpClass" finished-at="2024-09-09T11:08:46 IST" duration-ms="512" status="PASS">
          <params>
            <param index="0">
              <value>
                <![CDATA[org.testng.TestRunner@5a0e0886]]>
              </value>
            </param>
          </params>
          <reporter-output>
          </reporter-output>
        </test-method> <!-- setUpClass -->
        <test-method signature="runScenario(io.cucumber.testng.PickleWrapper,io.cucumber.testng.FeatureWrapper)[pri:0, instance:com.cucum.runner.LocalRunner@23348b5d]" started-at="2024-09-09T11:08:46 IST" name="runScenario" description="Runs Cucumber Scenarios" data-provider="scenarios" finished-at="2024-09-09T11:08:50 IST" duration-ms="4689" status="PASS">
          <params>
            <param index="0">
              <value>
                <![CDATA["Login Functionality3"]]>
              </value>
            </param>
            <param index="1">
              <value>
                <![CDATA["Loginb functionality check"]]>
              </value>
            </param>
          </params>
          <reporter-output>
          </reporter-output>
        </test-method> <!-- runScenario -->
        <test-method signature="runScenario(io.cucumber.testng.PickleWrapper,io.cucumber.testng.FeatureWrapper)[pri:0, instance:com.cucum.runner.LocalRunner@23348b5d]" started-at="2024-09-09T11:08:50 IST" name="runScenario" description="Runs Cucumber Scenarios" data-provider="scenarios" finished-at="2024-09-09T11:08:53 IST" duration-ms="2422" status="PASS">
          <params>
            <param index="0">
              <value>
                <![CDATA["Login Functionality3"]]>
              </value>
            </param>
            <param index="1">
              <value>
                <![CDATA["Loginb functionality check"]]>
              </value>
            </param>
          </params>
          <reporter-output>
          </reporter-output>
        </test-method> <!-- runScenario -->
        <test-method signature="runScenario(io.cucumber.testng.PickleWrapper,io.cucumber.testng.FeatureWrapper)[pri:0, instance:com.cucum.runner.LocalRunner@23348b5d]" started-at="2024-09-09T11:08:53 IST" name="runScenario" description="Runs Cucumber Scenarios" data-provider="scenarios" finished-at="2024-09-09T11:08:55 IST" duration-ms="2397" status="PASS">
          <params>
            <param index="0">
              <value>
                <![CDATA["Login Functionality3"]]>
              </value>
            </param>
            <param index="1">
              <value>
                <![CDATA["Loginb functionality check"]]>
              </value>
            </param>
          </params>
          <reporter-output>
          </reporter-output>
        </test-method> <!-- runScenario -->
        <test-method signature="runScenario(io.cucumber.testng.PickleWrapper,io.cucumber.testng.FeatureWrapper)[pri:0, instance:com.cucum.runner.LocalRunner@23348b5d]" started-at="2024-09-09T11:08:55 IST" name="runScenario" description="Runs Cucumber Scenarios" data-provider="scenarios" finished-at="2024-09-09T11:08:57 IST" duration-ms="2364" status="PASS">
          <params>
            <param index="0">
              <value>
                <![CDATA["Login Functionality3"]]>
              </value>
            </param>
            <param index="1">
              <value>
                <![CDATA["Loginb functionality check"]]>
              </value>
            </param>
          </params>
          <reporter-output>
          </reporter-output>
        </test-method> <!-- runScenario -->
        <test-method signature="runScenario(io.cucumber.testng.PickleWrapper,io.cucumber.testng.FeatureWrapper)[pri:0, instance:com.cucum.runner.LocalRunner@23348b5d]" started-at="2024-09-09T11:08:57 IST" name="runScenario" description="Runs Cucumber Scenarios" data-provider="scenarios" finished-at="2024-09-09T11:09:00 IST" duration-ms="2290" status="PASS">
          <params>
            <param index="0">
              <value>
                <![CDATA["Login Functionality3"]]>
              </value>
            </param>
            <param index="1">
              <value>
                <![CDATA["Loginb functionality check"]]>
              </value>
            </param>
          </params>
          <reporter-output>
          </reporter-output>
        </test-method> <!-- runScenario -->
        <test-method signature="runScenario(io.cucumber.testng.PickleWrapper,io.cucumber.testng.FeatureWrapper)[pri:0, instance:com.cucum.runner.LocalRunner@23348b5d]" started-at="2024-09-09T11:09:00 IST" name="runScenario" description="Runs Cucumber Scenarios" data-provider="scenarios" finished-at="2024-09-09T11:09:02 IST" duration-ms="2360" status="PASS">
          <params>
            <param index="0">
              <value>
                <![CDATA["Login Functionality3"]]>
              </value>
            </param>
            <param index="1">
              <value>
                <![CDATA["Loginb functionality check"]]>
              </value>
            </param>
          </params>
          <reporter-output>
          </reporter-output>
        </test-method> <!-- runScenario -->
        <test-method signature="runScenario(io.cucumber.testng.PickleWrapper,io.cucumber.testng.FeatureWrapper)[pri:0, instance:com.cucum.runner.LocalRunner@23348b5d]" started-at="2024-09-09T11:09:02 IST" name="runScenario" description="Runs Cucumber Scenarios" data-provider="scenarios" finished-at="2024-09-09T11:09:04 IST" duration-ms="2227" status="PASS">
          <params>
            <param index="0">
              <value>
                <![CDATA["Login Functionality3"]]>
              </value>
            </param>
            <param index="1">
              <value>
                <![CDATA["Loginb functionality check"]]>
              </value>
            </param>
          </params>
          <reporter-output>
          </reporter-output>
        </test-method> <!-- runScenario -->
        <test-method signature="runScenario(io.cucumber.testng.PickleWrapper,io.cucumber.testng.FeatureWrapper)[pri:0, instance:com.cucum.runner.LocalRunner@23348b5d]" started-at="2024-09-09T11:09:04 IST" name="runScenario" description="Runs Cucumber Scenarios" data-provider="scenarios" finished-at="2024-09-09T11:09:07 IST" duration-ms="2255" status="PASS">
          <params>
            <param index="0">
              <value>
                <![CDATA["Login Functionality3"]]>
              </value>
            </param>
            <param index="1">
              <value>
                <![CDATA["Loginb functionality check"]]>
              </value>
            </param>
          </params>
          <reporter-output>
          </reporter-output>
        </test-method> <!-- runScenario -->
        <test-method signature="runScenario(io.cucumber.testng.PickleWrapper,io.cucumber.testng.FeatureWrapper)[pri:0, instance:com.cucum.runner.LocalRunner@23348b5d]" started-at="2024-09-09T11:09:07 IST" name="runScenario" description="Runs Cucumber Scenarios" data-provider="scenarios" finished-at="2024-09-09T11:09:09 IST" duration-ms="2379" status="PASS">
          <params>
            <param index="0">
              <value>
                <![CDATA["Login Functionality3"]]>
              </value>
            </param>
            <param index="1">
              <value>
                <![CDATA["Loginb functionality check"]]>
              </value>
            </param>
          </params>
          <reporter-output>
          </reporter-output>
        </test-method> <!-- runScenario -->
        <test-method signature="runScenario(io.cucumber.testng.PickleWrapper,io.cucumber.testng.FeatureWrapper)[pri:0, instance:com.cucum.runner.LocalRunner@23348b5d]" started-at="2024-09-09T11:09:09 IST" name="runScenario" description="Runs Cucumber Scenarios" data-provider="scenarios" finished-at="2024-09-09T11:09:11 IST" duration-ms="2283" status="PASS">
          <params>
            <param index="0">
              <value>
                <![CDATA["Login Functionality3"]]>
              </value>
            </param>
            <param index="1">
              <value>
                <![CDATA["Loginb functionality check"]]>
              </value>
            </param>
          </params>
          <reporter-output>
          </reporter-output>
        </test-method> <!-- runScenario -->
        <test-method signature="runScenario(io.cucumber.testng.PickleWrapper,io.cucumber.testng.FeatureWrapper)[pri:0, instance:com.cucum.runner.LocalRunner@23348b5d]" started-at="2024-09-09T11:09:11 IST" name="runScenario" description="Runs Cucumber Scenarios" data-provider="scenarios" finished-at="2024-09-09T11:09:14 IST" duration-ms="2336" status="PASS">
          <params>
            <param index="0">
              <value>
                <![CDATA["Login Functionality3"]]>
              </value>
            </param>
            <param index="1">
              <value>
                <![CDATA["Loginb functionality check"]]>
              </value>
            </param>
          </params>
          <reporter-output>
          </reporter-output>
        </test-method> <!-- runScenario -->
        <test-method is-config="true" signature="tearDownClass()[pri:0, instance:com.cucum.runner.LocalRunner@23348b5d]" started-at="2024-09-09T11:09:14 IST" name="tearDownClass" finished-at="2024-09-09T11:09:14 IST" duration-ms="77" status="PASS">
          <reporter-output>
          </reporter-output>
        </test-method> <!-- tearDownClass -->
      </class> <!-- com.cucum.runner.LocalRunner -->
    </test> <!-- Default test -->
  </suite> <!-- Default suite -->
</testng-results>
